# JRE version: OpenJDK Runtime Environment (8.0_242-b01) (build 1.8.0_242-release-1644-b01)
# Java VM: OpenJDK 64-Bit Server VM (25.242-b01 mixed mode windows-amd64 compressed oops)
Heap:
 PSYoungGen      total 339968K, used 9968K [0x00000000d5580000, 0x00000000eeb00000, 0x0000000100000000)
  eden space 267776K, 0% used [0x00000000d5580000,0x00000000d5580000,0x00000000e5b00000)
  from space 72192K, 13% used [0x00000000ea480000,0x00000000eae3c030,0x00000000eeb00000)
  to   space 73728K, 0% used [0x00000000e5b00000,0x00000000e5b00000,0x00000000ea300000)
 ParOldGen       total 276480K, used 275861K [0x0000000080000000, 0x0000000090e00000, 0x00000000d5580000)
  object space 276480K, 99% used [0x0000000080000000,0x0000000090d65470,0x0000000090e00000)
 Metaspace       used 135662K, capacity 147576K, committed 147880K, reserved 1177600K
  class space    used 16999K, capacity 19052K, committed 19120K, reserved 1048576K
GC Heap History (10 events):
Event: 26853.370 GC heap after
Heap after GC invocations=124 (full 4):
 PSYoungGen      total 328192K, used 33045K [0x00000000d5580000, 0x00000000eea00000, 0x0000000100000000)
  eden space 261632K, 0% used [0x00000000d5580000,0x00000000d5580000,0x00000000e5500000)
  from space 66560K, 49% used [0x00000000ea900000,0x00000000ec945548,0x00000000eea00000)
  to   space 76288K, 0% used [0x00000000e5500000,0x00000000e5500000,0x00000000e9f80000)
 ParOldGen       total 272896K, used 253004K [0x0000000080000000, 0x0000000090a80000, 0x00000000d5580000)
  object space 272896K, 92% used [0x0000000080000000,0x000000008f7132e0,0x0000000090a80000)
 Metaspace       used 135548K, capacity 147508K, committed 147624K, reserved 1177600K
  class space    used 16999K, capacity 19052K, committed 19120K, reserved 1048576K
}
Event: 26854.776 GC heap before
{Heap before GC invocations=125 (full 4):
 PSYoungGen      total 328192K, used 294677K [0x00000000d5580000, 0x00000000eea00000, 0x0000000100000000)
  eden space 261632K, 100% used [0x00000000d5580000,0x00000000e5500000,0x00000000e5500000)
  from space 66560K, 49% used [0x00000000ea900000,0x00000000ec945548,0x00000000eea00000)
  to   space 76288K, 0% used [0x00000000e5500000,0x00000000e5500000,0x00000000e9f80000)
 ParOldGen       total 272896K, used 253004K [0x0000000080000000, 0x0000000090a80000, 0x00000000d5580000)
  object space 272896K, 92% used [0x0000000080000000,0x000000008f7132e0,0x0000000090a80000)
 Metaspace       used 135620K, capacity 147572K, committed 147880K, reserved 1177600K
  class space    used 16999K, capacity 19052K, committed 19120K, reserved 1048576K
Event: 26854.811 GC heap after
Heap after GC invocations=125 (full 4):
 PSYoungGen      total 288256K, used 34270K [0x00000000d5580000, 0x00000000edd80000, 0x0000000100000000)
  eden space 253952K, 0% used [0x00000000d5580000,0x00000000d5580000,0x00000000e4d80000)
  from space 34304K, 99% used [0x00000000e5500000,0x00000000e7677a78,0x00000000e7680000)
  to   space 73728K, 0% used [0x00000000e9580000,0x00000000e9580000,0x00000000edd80000)
 ParOldGen       total 272896K, used 253132K [0x0000000080000000, 0x0000000090a80000, 0x00000000d5580000)
  object space 272896K, 92% used [0x0000000080000000,0x000000008f7332e0,0x0000000090a80000)
 Metaspace       used 135620K, capacity 147572K, committed 147880K, reserved 1177600K
  class space    used 16999K, capacity 19052K, committed 19120K, reserved 1048576K
}
Event: 26856.104 GC heap before
{Heap before GC invocations=126 (full 4):
 PSYoungGen      total 288256K, used 288222K [0x00000000d5580000, 0x00000000edd80000, 0x0000000100000000)
  eden space 253952K, 100% used [0x00000000d5580000,0x00000000e4d80000,0x00000000e4d80000)
  from space 34304K, 99% used [0x00000000e5500000,0x00000000e7677a78,0x00000000e7680000)
  to   space 73728K, 0% used [0x00000000e9580000,0x00000000e9580000,0x00000000edd80000)
 ParOldGen       total 272896K, used 253132K [0x0000000080000000, 0x0000000090a80000, 0x00000000d5580000)
  object space 272896K, 92% used [0x0000000080000000,0x000000008f7332e0,0x0000000090a80000)
 Metaspace       used 135625K, capacity 147572K, committed 147880K, reserved 1177600K
  class space    used 16999K, capacity 19052K, committed 19120K, reserved 1048576K
Event: 26856.177 GC heap after
Heap after GC invocations=126 (full 4):
 PSYoungGen      total 327168K, used 18771K [0x00000000d5580000, 0x00000000ef280000, 0x0000000100000000)
  eden space 253440K, 0% used [0x00000000d5580000,0x00000000d5580000,0x00000000e4d00000)
  from space 73728K, 25% used [0x00000000e9580000,0x00000000ea7d4c08,0x00000000edd80000)
  to   space 74240K, 0% used [0x00000000e4d00000,0x00000000e4d00000,0x00000000e9580000)
 ParOldGen       total 272896K, used 263960K [0x0000000080000000, 0x0000000090a80000, 0x00000000d5580000)
  object space 272896K, 96% used [0x0000000080000000,0x00000000901c63a8,0x0000000090a80000)
 Metaspace       used 135625K, capacity 147572K, committed 147880K, reserved 1177600K
  class space    used 16999K, capacity 19052K, committed 19120K, reserved 1048576K
}
Event: 26969.444 GC heap before
{Heap before GC invocations=127 (full 4):
 PSYoungGen      total 327168K, used 272211K [0x00000000d5580000, 0x00000000ef280000, 0x0000000100000000)
  eden space 253440K, 100% used [0x00000000d5580000,0x00000000e4d00000,0x00000000e4d00000)
  from space 73728K, 25% used [0x00000000e9580000,0x00000000ea7d4c08,0x00000000edd80000)
  to   space 74240K, 0% used [0x00000000e4d00000,0x00000000e4d00000,0x00000000e9580000)
 ParOldGen       total 272896K, used 263960K [0x0000000080000000, 0x0000000090a80000, 0x00000000d5580000)
  object space 272896K, 96% used [0x0000000080000000,0x00000000901c63a8,0x0000000090a80000)
 Metaspace       used 135647K, capacity 147572K, committed 147880K, reserved 1177600K
  class space    used 16999K, capacity 19052K, committed 19120K, reserved 1048576K
Event: 26969.469 GC heap after
Heap after GC invocations=127 (full 4):
 PSYoungGen      total 327680K, used 26691K [0x00000000d5580000, 0x00000000eeb80000, 0x0000000100000000)
  eden space 253440K, 0% used [0x00000000d5580000,0x00000000d5580000,0x00000000e4d00000)
  from space 74240K, 35% used [0x00000000e4d00000,0x00000000e6710ef0,0x00000000e9580000)
  to   space 72704K, 0% used [0x00000000ea480000,0x00000000ea480000,0x00000000eeb80000)
 ParOldGen       total 272896K, used 264104K [0x0000000080000000, 0x0000000090a80000, 0x00000000d5580000)
  object space 272896K, 96% used [0x0000000080000000,0x00000000901ea3a8,0x0000000090a80000)
 Metaspace       used 135647K, capacity 147572K, committed 147880K, reserved 1177600K
  class space    used 16999K, capacity 19052K, committed 19120K, reserved 1048576K
}
Event: 27026.917 GC heap before
{Heap before GC invocations=128 (full 4):
 PSYoungGen      total 327680K, used 280131K [0x00000000d5580000, 0x00000000eeb80000, 0x0000000100000000)
  eden space 253440K, 100% used [0x00000000d5580000,0x00000000e4d00000,0x00000000e4d00000)
  from space 74240K, 35% used [0x00000000e4d00000,0x00000000e6710ef0,0x00000000e9580000)
  to   space 72704K, 0% used [0x00000000ea480000,0x00000000ea480000,0x00000000eeb80000)
 ParOldGen       total 272896K, used 264104K [0x0000000080000000, 0x0000000090a80000, 0x00000000d5580000)
  object space 272896K, 96% used [0x0000000080000000,0x00000000901ea3a8,0x0000000090a80000)
 Metaspace       used 135662K, capacity 147576K, committed 147880K, reserved 1177600K
  class space    used 16999K, capacity 19052K, committed 19120K, reserved 1048576K
Event: 27026.937 GC heap after
Heap after GC invocations=128 (full 4):
 PSYoungGen      total 339968K, used 9968K [0x00000000d5580000, 0x00000000eeb00000, 0x0000000100000000)
  eden space 267776K, 0% used [0x00000000d5580000,0x00000000d5580000,0x00000000e5b00000)
  from space 72192K, 13% used [0x00000000ea480000,0x00000000eae3c030,0x00000000eeb00000)
  to   space 73728K, 0% used [0x00000000e5b00000,0x00000000e5b00000,0x00000000ea300000)
 ParOldGen       total 276480K, used 275861K [0x0000000080000000, 0x0000000090e00000, 0x00000000d5580000)
  object space 276480K, 99% used [0x0000000080000000,0x0000000090d65470,0x0000000090e00000)
 Metaspace       used 135662K, capacity 147576K, committed 147880K, reserved 1177600K
  class space    used 16999K, capacity 19052K, committed 19120K, reserved 1048576K
}
Event: 27026.937 GC heap before
{Heap before GC invocations=129 (full 5):
 PSYoungGen      total 339968K, used 9968K [0x00000000d5580000, 0x00000000eeb00000, 0x0000000100000000)
  eden space 267776K, 0% used [0x00000000d5580000,0x00000000d5580000,0x00000000e5b00000)
  from space 72192K, 13% used [0x00000000ea480000,0x00000000eae3c030,0x00000000eeb00000)
  to   space 73728K, 0% used [0x00000000e5b00000,0x00000000e5b00000,0x00000000ea300000)
 ParOldGen       total 276480K, used 275861K [0x0000000080000000, 0x0000000090e00000, 0x00000000d5580000)
  object space 276480K, 99% used [0x0000000080000000,0x0000000090d65470,0x0000000090e00000)
 Metaspace       used 135662K, capacity 147576K, committed 147880K, reserved 1177600K
  class space    used 16999K, capacity 19052K, committed 19120K, reserved 1048576K

